<?xml version="1.0" encoding="UTF-8"?>
<!-- Generated by org.testng.reporters.JUnitReportReporter -->
<testsuite skipped="2" hostname="LAPTOP-U32BOAQF" name="com.actitime.tests.VerifyVersionTest" tests="2" failures="0" timestamp="20 Apr 2018 13:51:22 GMT" time="0.000" errors="0">
  <testcase name="testVerifyVersion" time="0.000" classname="com.actitime.tests.VerifyVersionTest">
    <skipped/>
  </testcase> <!-- testVerifyVersion -->
  <testcase name="testVerifyVersion" time="0.000" classname="com.actitime.tests.VerifyVersionTest">
    <skipped/>
  </testcase> <!-- testVerifyVersion -->
</testsuite> <!-- com.actitime.tests.VerifyVersionTest -->
