<?xml version="1.0" encoding="UTF-8"?>
<!-- Generated by org.testng.reporters.JUnitReportReporter -->
<testsuite skipped="0" hostname="LAPTOP-U32BOAQF" name="com.actitime.excelsheets.DemoTest" tests="1" failures="0" timestamp="18 Apr 2018 09:02:02 GMT" time="0.012" errors="0">
  <testcase name="testA" time="0.012" classname="com.actitime.excelsheets.DemoTest"/>
</testsuite> <!-- com.actitime.excelsheets.DemoTest -->
