<?xml version="1.0" encoding="UTF-8"?>
<!-- Generated by org.testng.reporters.JUnitReportReporter -->
<testsuite skipped="0" hostname="LAPTOP-U32BOAQF" name="com.actitime.tests.VerifyBuildNumberTest" tests="1" failures="0" timestamp="30 Apr 2018 06:56:45 GMT" time="37.245" errors="0">
  <testcase name="testVerifyBuildNumber" time="37.245" classname="com.actitime.tests.VerifyBuildNumberTest"/>
</testsuite> <!-- com.actitime.tests.VerifyBuildNumberTest -->
