<?xml version="1.0" encoding="UTF-8"?>
<!-- Generated by org.testng.reporters.JUnitReportReporter -->
<testsuite skipped="0" hostname="LAPTOP-U32BOAQF" name="com.actitime.tests.VerifyVersionTest" tests="1" failures="0" timestamp="30 Apr 2018 06:56:45 GMT" time="11.636" errors="0">
  <testcase name="testVerifyVersion" time="11.636" classname="com.actitime.tests.VerifyVersionTest"/>
</testsuite> <!-- com.actitime.tests.VerifyVersionTest -->
